2024-12-19 11:55:24,550 - rasa.cli.utils - DEBUG - Parameter 'credentials' not set. Using default location 'credentials.yml' instead.
2024-12-19 11:55:25,801 - h5py._conv - DEBUG - Creating converter from 7 to 5
2024-12-19 11:55:25,801 - h5py._conv - DEBUG - Creating converter from 5 to 7
2024-12-19 11:55:25,802 - h5py._conv - DEBUG - Creating converter from 7 to 5
2024-12-19 11:55:25,802 - h5py._conv - DEBUG - Creating converter from 5 to 7
2024-12-19 11:55:26,033 - jax._src.path - DEBUG - etils.epath was not found. Using pathlib for file I/O.
2024-12-19 11:55:26,726 - rasa.core.utils - DEBUG - Available web server routes: 
/conversations/<conversation_id:path>/messages     POST                           add_message
/conversations/<conversation_id:path>/tracker/events POST                           append_events
/webhooks/rasa                                     GET                            custom_webhook_RasaChatInput.health
/webhooks/rasa/webhook                             POST                           custom_webhook_RasaChatInput.receive
/webhooks/rest                                     GET                            custom_webhook_RestInput.health
/webhooks/rest/webhook                             POST                           custom_webhook_RestInput.receive
/model/test/intents                                POST                           evaluate_intents
/model/test/stories                                POST                           evaluate_stories
/conversations/<conversation_id:path>/execute      POST                           execute_action
/domain                                            GET                            get_domain
/                                                  GET                            hello
/model                                             PUT                            load_model
/model/parse                                       POST                           parse
/conversations/<conversation_id:path>/predict      POST                           predict
/conversations/<conversation_id:path>/tracker/events PUT                            replace_events
/conversations/<conversation_id:path>/story        GET                            retrieve_story
/conversations/<conversation_id:path>/tracker      GET                            retrieve_tracker
/status                                            GET                            status
/model/predict                                     POST                           tracker_predict
/model/train                                       POST                           train
/conversations/<conversation_id:path>/trigger_intent POST                           trigger_intent
/model                                             DELETE                         unload_model
/version                                           GET                            version
2024-12-19 11:55:26,727 - root - INFO - Starting Rasa server on http://0.0.0.0:5005
2024-12-19 11:55:26,727 - rasa.core.utils - DEBUG - Using the default number of Sanic workers (1).
2024-12-19 11:55:26,792 - rasa.telemetry - DEBUG - Skipping telemetry reporting: no license hash found.
2024-12-19 11:55:26,820 - rasa.core.tracker_store - DEBUG - Connected to InMemoryTrackerStore.
2024-12-19 11:55:26,820 - rasa.core.lock_store - DEBUG - Connected to lock store 'InMemoryLockStore'.
2024-12-19 11:55:26,820 - rasa.core.nlg.generator - DEBUG - Instantiated NLG to 'TemplatedNaturalLanguageGenerator'.
2024-12-19 11:55:26,820 - rasa.core.processor - INFO - Loading model models/20241219-111036-chewy-coconut.tar.gz...
2024-12-19 11:55:26,855 - rasa.engine.storage.local_model_storage - DEBUG - Extracted model to '/var/folders/7k/9ww3l2td1g7_7dn6lchs4yth0000gq/T/tmp3wovbzx8'.
2024-12-19 11:55:26,857 - rasa.engine.graph - DEBUG - Node 'nlu_message_converter' loading 'NLUMessageConverter.load' and kwargs: '{}'.
2024-12-19 11:55:26,857 - rasa.engine.graph - DEBUG - Node 'run_WhitespaceTokenizer0' loading 'WhitespaceTokenizer.load' and kwargs: '{}'.
2024-12-19 11:55:26,858 - rasa.engine.graph - DEBUG - Node 'run_RegexFeaturizer1' loading 'RegexFeaturizer.load' and kwargs: '{}'.
2024-12-19 11:55:26,859 - rasa.engine.storage.local_model_storage - DEBUG - Resource 'train_RegexFeaturizer1' was requested for reading.
2024-12-19 11:55:26,859 - rasa.engine.graph - DEBUG - Node 'run_LexicalSyntacticFeaturizer2' loading 'LexicalSyntacticFeaturizer.load' and kwargs: '{}'.
2024-12-19 11:55:26,859 - rasa.engine.storage.local_model_storage - DEBUG - Resource 'train_LexicalSyntacticFeaturizer2' was requested for reading.
2024-12-19 11:55:26,859 - rasa.engine.graph - DEBUG - Node 'run_CountVectorsFeaturizer3' loading 'CountVectorsFeaturizer.load' and kwargs: '{}'.
2024-12-19 11:55:26,860 - rasa.engine.storage.local_model_storage - DEBUG - Resource 'train_CountVectorsFeaturizer3' was requested for reading.
2024-12-19 11:55:26,860 - rasa.engine.graph - DEBUG - Node 'run_LanguageModelFeaturizer4' loading 'LanguageModelFeaturizer.load' and kwargs: '{}'.
2024-12-19 11:55:27,111 - rasa.nlu.featurizers.dense_featurizer.lm_featurizer - DEBUG - Loading Tokenizer and Model for bert
2024-12-19 11:55:27,112 - urllib3.connectionpool - DEBUG - Starting new HTTPS connection (1): huggingface.co:443
2024-12-19 11:55:27,625 - urllib3.connectionpool - DEBUG - https://huggingface.co:443 "HEAD /bert-base-cased/resolve/main/tokenizer_config.json HTTP/1.1" 200 0
2024-12-19 11:55:27,831 - urllib3.connectionpool - DEBUG - https://huggingface.co:443 "HEAD /bert-base-cased/resolve/main/config.json HTTP/1.1" 200 0
2024-12-19 11:55:28,491 - rasa.engine.graph - DEBUG - Node 'run_DIETClassifier5' loading 'DIETClassifier.load' and kwargs: '{}'.
2024-12-19 11:55:28,491 - rasa.engine.storage.local_model_storage - DEBUG - Resource 'train_DIETClassifier5' was requested for reading.
2024-12-19 11:55:28,492 - rasa.utils.tensorflow.models - DEBUG - Loading the model from /var/folders/7k/9ww3l2td1g7_7dn6lchs4yth0000gq/T/tmpr06agukp/train_DIETClassifier5/DIETClassifier.tf_model with finetune_mode=False...
2024-12-19 11:55:28,499 - rasa.nlu.classifiers.diet_classifier - DEBUG - You specified 'DIET' to train entities, but no entities are present in the training data. Skipping training of entities.
2024-12-19 11:55:28,512 - rasa.nlu.classifiers.diet_classifier - DEBUG - Following metrics will be logged during training: 
2024-12-19 11:55:28,512 - rasa.nlu.classifiers.diet_classifier - DEBUG -   t_loss (total loss)
2024-12-19 11:55:28,512 - rasa.nlu.classifiers.diet_classifier - DEBUG -   i_acc (intent acc)
2024-12-19 11:55:28,512 - rasa.nlu.classifiers.diet_classifier - DEBUG -   i_loss (intent loss)
2024-12-19 11:55:28,524 - absl - WARNING - At this time, the v2.11+ optimizer `tf.keras.optimizers.Adam` runs slowly on M1/M2 Macs, please use the legacy Keras optimizer instead, located at `tf.keras.optimizers.legacy.Adam`.
2024-12-19 11:55:28,525 - absl - WARNING - There is a known slowdown when using v2.11+ Keras optimizers on M1/M2 Macs. Falling back to the legacy Keras optimizer, i.e., `tf.keras.optimizers.legacy.Adam`.
2024-12-19 11:55:31,476 - rasa.utils.tensorflow.models - DEBUG - Finished loading the model.
2024-12-19 11:55:31,477 - rasa.engine.graph - DEBUG - Node 'run_EntitySynonymMapper6' loading 'EntitySynonymMapper.load' and kwargs: '{}'.
2024-12-19 11:55:31,477 - rasa.engine.storage.local_model_storage - DEBUG - Resource 'train_EntitySynonymMapper6' was requested for reading.
2024-12-19 11:55:31,477 - rasa.nlu.extractors.entity_synonyms - DEBUG - Failed to load ABCMeta from model storage. Resource 'train_EntitySynonymMapper6' doesn't exist.
2024-12-19 11:55:31,477 - rasa.engine.graph - DEBUG - Node 'run_ResponseSelector7' loading 'ResponseSelector.load' and kwargs: '{}'.
2024-12-19 11:55:31,477 - rasa.engine.storage.local_model_storage - DEBUG - Resource 'train_ResponseSelector7' was requested for reading.
2024-12-19 11:55:31,477 - rasa.nlu.classifiers.diet_classifier - DEBUG - Failed to load ABCMeta from model storage. Resource 'train_ResponseSelector7' doesn't exist.
2024-12-19 11:55:31,477 - rasa.engine.storage.local_model_storage - DEBUG - Resource 'train_ResponseSelector7' was requested for reading.
2024-12-19 11:55:31,477 - rasa.nlu.selectors.response_selector - DEBUG - Failed to load ResponseSelector from model storage. Resource 'train_ResponseSelector7' doesn't exist.
2024-12-19 11:55:31,477 - rasa.engine.graph - DEBUG - Node 'run_RegexMessageHandler' loading 'RegexMessageHandler.load' and kwargs: '{}'.
2024-12-19 11:55:31,477 - rasa.engine.graph - DEBUG - Node 'domain_provider' loading 'DomainProvider.load' and kwargs: '{}'.
2024-12-19 11:55:31,477 - rasa.engine.storage.local_model_storage - DEBUG - Resource 'domain_provider' was requested for reading.
2024-12-19 11:55:31,487 - rasa.engine.graph - DEBUG - Node 'run_MemoizationPolicy0' loading 'MemoizationPolicy.load' and kwargs: '{}'.
2024-12-19 11:55:31,487 - rasa.engine.storage.local_model_storage - DEBUG - Resource 'train_MemoizationPolicy0' was requested for reading.
2024-12-19 11:55:31,488 - rasa.engine.graph - DEBUG - Node 'run_RulePolicy1' loading 'RulePolicy.load' and kwargs: '{}'.
2024-12-19 11:55:31,488 - rasa.engine.storage.local_model_storage - DEBUG - Resource 'train_RulePolicy1' was requested for reading.
2024-12-19 11:55:31,488 - rasa.engine.graph - DEBUG - Node 'run_TEDPolicy2' loading 'TEDPolicy.load' and kwargs: '{}'.
2024-12-19 11:55:31,488 - rasa.engine.storage.local_model_storage - DEBUG - Resource 'train_TEDPolicy2' was requested for reading.
2024-12-19 11:55:31,489 - rasa.utils.tensorflow.models - DEBUG - Loading the model from /var/folders/7k/9ww3l2td1g7_7dn6lchs4yth0000gq/T/tmpr06agukp/train_TEDPolicy2/ted_policy.tf_model with finetune_mode=False...
2024-12-19 11:55:31,514 - absl - WARNING - At this time, the v2.11+ optimizer `tf.keras.optimizers.Adam` runs slowly on M1/M2 Macs, please use the legacy Keras optimizer instead, located at `tf.keras.optimizers.legacy.Adam`.
2024-12-19 11:55:31,515 - absl - WARNING - There is a known slowdown when using v2.11+ Keras optimizers on M1/M2 Macs. Falling back to the legacy Keras optimizer, i.e., `tf.keras.optimizers.legacy.Adam`.
2024-12-19 11:55:35,256 - rasa.utils.tensorflow.models - DEBUG - Finished loading the model.
2024-12-19 11:55:35,256 - rasa.engine.graph - DEBUG - Node 'rule_only_data_provider' loading 'RuleOnlyDataProvider.load' and kwargs: '{}'.
2024-12-19 11:55:35,256 - rasa.engine.storage.local_model_storage - DEBUG - Resource 'train_RulePolicy1' was requested for reading.
2024-12-19 11:55:35,257 - rasa.engine.graph - DEBUG - Node 'select_prediction' loading 'DefaultPolicyPredictionEnsemble.load' and kwargs: '{}'.
2024-12-19 11:55:35,259 - root - INFO - Rasa server is up and running.
2024-12-19 11:55:35,259 - root - INFO - Enabling coroutine debugging. Loop id 13420811168.
2024-12-19 11:55:48,464 - rasa.core.lock_store - DEBUG - Issuing ticket for conversation 'PractikumStudent'.
2024-12-19 11:55:48,465 - rasa.core.lock_store - DEBUG - Acquiring lock for conversation 'PractikumStudent'.
2024-12-19 11:55:48,465 - rasa.core.lock_store - DEBUG - Acquired lock for conversation 'PractikumStudent'.
2024-12-19 11:55:48,465 - rasa.core.tracker_store - DEBUG - Could not find tracker for conversation ID 'PractikumStudent'.
2024-12-19 11:55:48,465 - rasa.core.tracker_store - DEBUG - No event broker configured. Skipping streaming events.
2024-12-19 11:55:48,466 - rasa.core.processor - DEBUG - Starting a new session for conversation ID 'PractikumStudent'.
2024-12-19 11:55:48,470 - rasa.core.processor - DEBUG - [[32m[1mdebug    [0m] [1mprocessor.actions.policy_prediction[0m [36mprediction_events[0m=[35m[][0m
2024-12-19 11:55:48,472 - rasa.core.processor - DEBUG - [[32m[1mdebug    [0m] [1mprocessor.actions.log         [0m [36maction_name[0m=[35maction_session_start[0m [36mrasa_events[0m=[35m[<rasa.shared.core.events.SessionStarted object at 0x36d68a5b0>, ActionExecuted(action: action_listen, policy: None, confidence: None)][0m
2024-12-19 11:55:48,472 - rasa.core.processor - DEBUG - [[32m[1mdebug    [0m] [1mprocessor.slots.log           [0m [36mslot_values[0m=[35m	topic: None
	session_started_metadata: None[0m
2024-12-19 11:55:48,473 - rasa.engine.runner.dask - DEBUG - Running graph with inputs: {'__message__': [<rasa.core.channels.channel.UserMessage object at 0x3712144f0>], '__tracker__': <rasa.shared.core.trackers.DialogueStateTracker object at 0x3712141f0>}, targets: ['run_RegexMessageHandler'] and ExecutionContext(model_id='fb06010ced544108b7c5861ad9375b0e', should_add_diagnostic_data=False, is_finetuning=False, node_name=None).
2024-12-19 11:55:48,476 - rasa.engine.graph - DEBUG - Node 'nlu_message_converter' running 'NLUMessageConverter.convert_user_message'.
2024-12-19 11:55:48,476 - rasa.engine.graph - DEBUG - Node 'run_WhitespaceTokenizer0' running 'WhitespaceTokenizer.process'.
2024-12-19 11:55:48,479 - rasa.engine.graph - DEBUG - Node 'run_RegexFeaturizer1' running 'RegexFeaturizer.process'.
2024-12-19 11:55:48,480 - rasa.engine.graph - DEBUG - Node 'run_LexicalSyntacticFeaturizer2' running 'LexicalSyntacticFeaturizer.process'.
2024-12-19 11:55:48,481 - rasa.engine.graph - DEBUG - Node 'run_CountVectorsFeaturizer3' running 'CountVectorsFeaturizer.process'.
2024-12-19 11:55:48,482 - rasa.engine.graph - DEBUG - Node 'run_LanguageModelFeaturizer4' running 'LanguageModelFeaturizer.process'.
2024-12-19 11:55:48,594 - rasa.engine.graph - DEBUG - Node 'run_DIETClassifier5' running 'DIETClassifier.process'.
2024-12-19 11:55:48,661 - rasa.engine.graph - DEBUG - Node 'run_EntitySynonymMapper6' running 'EntitySynonymMapper.process'.
2024-12-19 11:55:48,661 - rasa.engine.graph - DEBUG - Node 'run_ResponseSelector7' running 'ResponseSelector.process'.
2024-12-19 11:55:48,661 - rasa.nlu.classifiers.diet_classifier - DEBUG - There is no trained model for 'ResponseSelector': The component is either not trained or didn't receive enough training data.
2024-12-19 11:55:48,661 - rasa.nlu.selectors.response_selector - DEBUG - Adding following selector key to message property: default
2024-12-19 11:55:48,661 - rasa.engine.graph - DEBUG - Node 'domain_provider' running 'DomainProvider.provide_inference'.
2024-12-19 11:55:48,661 - rasa.engine.graph - DEBUG - Node 'run_RegexMessageHandler' running 'RegexMessageHandler.process'.
2024-12-19 11:55:48,661 - rasa.core.processor - DEBUG - [[32m[1mdebug    [0m] [1mprocessor.message.parse       [0m [36mparse_data_entities[0m=[35m[][0m [36mparse_data_intent[0m=[35m{'name': 'ask_architecture', 'confidence': 0.3113503158092499}[0m [36mparse_data_text[0m=[35mПривет[0m
2024-12-19 11:55:48,662 - rasa.core.processor - DEBUG - Logged UserUtterance - tracker now has 4 events.
2024-12-19 11:55:48,662 - rasa.core.actions.action - DEBUG - Validating extracted slots: topic
2024-12-19 11:55:48,662 - rasa.core.processor - DEBUG - [[32m[1mdebug    [0m] [1mprocessor.extract.slots       [0m [36maction_extract_slot[0m=[35maction_extract_slots[0m [36mlen_extraction_events[0m=[35m1[0m [36mrasa_events[0m=[35m[SlotSet(key: topic, value: Привет)][0m
2024-12-19 11:55:48,662 - rasa.engine.runner.dask - DEBUG - Running graph with inputs: {'__tracker__': <rasa.shared.core.trackers.DialogueStateTracker object at 0x3712141f0>}, targets: ['select_prediction'] and ExecutionContext(model_id='fb06010ced544108b7c5861ad9375b0e', should_add_diagnostic_data=False, is_finetuning=False, node_name=None).
2024-12-19 11:55:48,662 - rasa.engine.graph - DEBUG - Node 'rule_only_data_provider' running 'RuleOnlyDataProvider.provide'.
2024-12-19 11:55:48,663 - rasa.engine.graph - DEBUG - Node 'domain_provider' running 'DomainProvider.provide_inference'.
2024-12-19 11:55:48,663 - rasa.engine.graph - DEBUG - Node 'run_MemoizationPolicy0' running 'MemoizationPolicy.predict_action_probabilities'.
2024-12-19 11:55:48,663 - rasa.core.policies.memoization - DEBUG - [[32m[1mdebug    [0m] [1mmemoization.predict.actions   [0m [36mtracker_states[0m=[35m[{}, {'user': {'intent': 'ask_architecture'}, 'prev_action': {'action_name': 'action_listen'}}][0m
2024-12-19 11:55:48,663 - rasa.core.policies.memoization - DEBUG - There is no memorised next action
2024-12-19 11:55:48,663 - rasa.engine.graph - DEBUG - Node 'run_RulePolicy1' running 'RulePolicy.predict_action_probabilities'.
2024-12-19 11:55:48,663 - rasa.core.policies.rule_policy - DEBUG - [[32m[1mdebug    [0m] [1mrule_policy.actions.find      [0m [36mcurrent_states[0m=[35m
[state 1] user text: Привет | previous action name: action_listen[0m
2024-12-19 11:55:48,663 - rasa.core.policies.rule_policy - DEBUG - There is no applicable rule.
2024-12-19 11:55:48,663 - rasa.core.policies.rule_policy - DEBUG - [[32m[1mdebug    [0m] [1mrule_policy.actions.find      [0m [36mcurrent_states[0m=[35m
[state 1] user intent: ask_architecture | previous action name: action_listen[0m
2024-12-19 11:55:48,663 - rasa.core.policies.rule_policy - DEBUG - There is a rule for the next action 'utter_architecture_response'.
2024-12-19 11:55:48,663 - rasa.engine.graph - DEBUG - Node 'run_TEDPolicy2' running 'TEDPolicy.predict_action_probabilities'.
2024-12-19 11:55:48,665 - rasa.core.policies.ted_policy - DEBUG - TED predicted 'action_listen' based on user intent.
2024-12-19 11:55:48,665 - rasa.engine.graph - DEBUG - Node 'select_prediction' running 'DefaultPolicyPredictionEnsemble.combine_predictions_from_kwargs'.
2024-12-19 11:55:48,665 - rasa.core.policies.ensemble - DEBUG - Made prediction using user intent.
2024-12-19 11:55:48,665 - rasa.core.policies.ensemble - DEBUG - Added `DefinePrevUserUtteredFeaturization(False)` event.
2024-12-19 11:55:48,665 - rasa.core.policies.ensemble - DEBUG - Predicted next action using RulePolicy.
2024-12-19 11:55:48,666 - rasa.core.processor - DEBUG - Predicted next action 'utter_architecture_response' with confidence 1.00.
2024-12-19 11:55:48,666 - rasa.core.processor - DEBUG - [[32m[1mdebug    [0m] [1mprocessor.actions.policy_prediction[0m [36mprediction_events[0m=[35m[<rasa.shared.core.events.DefinePrevUserUtteredFeaturization object at 0x36d680ee0>][0m
2024-12-19 11:55:48,666 - rasa.core.processor - DEBUG - [[32m[1mdebug    [0m] [1mprocessor.actions.log         [0m [36maction_name[0m=[35mutter_architecture_response[0m [36mrasa_events[0m=[35m[BotUttered('Архитектура ПО включает выбор структур, которые обеспечивают масштабируемость, гибкость и поддерживаемость приложения. Задайте конкретный вопрос по этой теме, и я помогу вам с информацией.', {"elements": null, "quick_replies": null, "buttons": null, "attachment": null, "image": null, "custom": null}, {"utter_action": "utter_architecture_response"}, 1734598548.6663098)][0m
2024-12-19 11:55:48,666 - rasa.engine.runner.dask - DEBUG - Running graph with inputs: {'__tracker__': <rasa.shared.core.trackers.DialogueStateTracker object at 0x3712141f0>}, targets: ['select_prediction'] and ExecutionContext(model_id='fb06010ced544108b7c5861ad9375b0e', should_add_diagnostic_data=False, is_finetuning=False, node_name=None).
2024-12-19 11:55:48,666 - rasa.engine.graph - DEBUG - Node 'rule_only_data_provider' running 'RuleOnlyDataProvider.provide'.
2024-12-19 11:55:48,666 - rasa.engine.graph - DEBUG - Node 'domain_provider' running 'DomainProvider.provide_inference'.
2024-12-19 11:55:48,666 - rasa.engine.graph - DEBUG - Node 'run_MemoizationPolicy0' running 'MemoizationPolicy.predict_action_probabilities'.
2024-12-19 11:55:48,666 - rasa.core.policies.memoization - DEBUG - [[32m[1mdebug    [0m] [1mmemoization.predict.actions   [0m [36mtracker_states[0m=[35m[{'user': {'intent': 'ask_architecture'}, 'prev_action': {'action_name': 'action_listen'}}, {'user': {'intent': 'ask_architecture'}, 'prev_action': {'action_name': 'utter_architecture_response'}}][0m
2024-12-19 11:55:48,667 - rasa.core.policies.memoization - DEBUG - There is a memorised next action 'action_listen'
2024-12-19 11:55:48,667 - rasa.engine.graph - DEBUG - Node 'run_RulePolicy1' running 'RulePolicy.predict_action_probabilities'.
2024-12-19 11:55:48,667 - rasa.core.policies.rule_policy - DEBUG - [[32m[1mdebug    [0m] [1mrule_policy.actions.find      [0m [36mcurrent_states[0m=[35m
[state 1] user intent: ask_architecture | previous action name: action_listen
[state 2] user intent: ask_architecture | previous action name: utter_architecture_response[0m
2024-12-19 11:55:48,667 - rasa.core.policies.rule_policy - DEBUG - There is a rule for the next action 'action_listen'.
2024-12-19 11:55:48,667 - rasa.engine.graph - DEBUG - Node 'run_TEDPolicy2' running 'TEDPolicy.predict_action_probabilities'.
2024-12-19 11:55:48,668 - rasa.core.policies.ted_policy - DEBUG - TED predicted 'action_default_fallback' based on user intent.
2024-12-19 11:55:48,669 - rasa.engine.graph - DEBUG - Node 'select_prediction' running 'DefaultPolicyPredictionEnsemble.combine_predictions_from_kwargs'.
2024-12-19 11:55:48,669 - rasa.core.policies.ensemble - DEBUG - Predicted next action using RulePolicy.
2024-12-19 11:55:48,669 - rasa.core.processor - DEBUG - Predicted next action 'action_listen' with confidence 1.00.
2024-12-19 11:55:48,669 - rasa.core.processor - DEBUG - [[32m[1mdebug    [0m] [1mprocessor.actions.policy_prediction[0m [36mprediction_events[0m=[35m[][0m
2024-12-19 11:55:48,669 - rasa.core.processor - DEBUG - [[32m[1mdebug    [0m] [1mprocessor.actions.log         [0m [36maction_name[0m=[35maction_listen[0m [36mrasa_events[0m=[35m[][0m
2024-12-19 11:55:48,669 - rasa.core.tracker_store - DEBUG - No event broker configured. Skipping streaming events.
2024-12-19 11:55:48,669 - rasa.core.lock_store - DEBUG - Deleted lock for conversation 'PractikumStudent'.
2024-12-19 11:56:00,571 - rasa.core.lock_store - DEBUG - Issuing ticket for conversation 'PractikumStudent'.
2024-12-19 11:56:00,571 - rasa.core.lock_store - DEBUG - Acquiring lock for conversation 'PractikumStudent'.
2024-12-19 11:56:00,571 - rasa.core.lock_store - DEBUG - Acquired lock for conversation 'PractikumStudent'.
2024-12-19 11:56:00,572 - rasa.core.tracker_store - DEBUG - Recreating tracker for id 'PractikumStudent'
2024-12-19 11:56:00,574 - rasa.engine.runner.dask - DEBUG - Running graph with inputs: {'__message__': [<rasa.core.channels.channel.UserMessage object at 0x371214190>], '__tracker__': <rasa.shared.core.trackers.DialogueStateTracker object at 0x3712141f0>}, targets: ['run_RegexMessageHandler'] and ExecutionContext(model_id='fb06010ced544108b7c5861ad9375b0e', should_add_diagnostic_data=False, is_finetuning=False, node_name=None).
2024-12-19 11:56:00,574 - rasa.engine.graph - DEBUG - Node 'nlu_message_converter' running 'NLUMessageConverter.convert_user_message'.
2024-12-19 11:56:00,575 - rasa.engine.graph - DEBUG - Node 'run_WhitespaceTokenizer0' running 'WhitespaceTokenizer.process'.
2024-12-19 11:56:00,575 - rasa.engine.graph - DEBUG - Node 'run_RegexFeaturizer1' running 'RegexFeaturizer.process'.
2024-12-19 11:56:00,575 - rasa.engine.graph - DEBUG - Node 'run_LexicalSyntacticFeaturizer2' running 'LexicalSyntacticFeaturizer.process'.
2024-12-19 11:56:00,576 - rasa.engine.graph - DEBUG - Node 'run_CountVectorsFeaturizer3' running 'CountVectorsFeaturizer.process'.
2024-12-19 11:56:00,576 - rasa.engine.graph - DEBUG - Node 'run_LanguageModelFeaturizer4' running 'LanguageModelFeaturizer.process'.
2024-12-19 11:56:00,680 - rasa.engine.graph - DEBUG - Node 'run_DIETClassifier5' running 'DIETClassifier.process'.
2024-12-19 11:56:00,682 - rasa.engine.graph - DEBUG - Node 'run_EntitySynonymMapper6' running 'EntitySynonymMapper.process'.
2024-12-19 11:56:00,682 - rasa.engine.graph - DEBUG - Node 'run_ResponseSelector7' running 'ResponseSelector.process'.
2024-12-19 11:56:00,683 - rasa.nlu.classifiers.diet_classifier - DEBUG - There is no trained model for 'ResponseSelector': The component is either not trained or didn't receive enough training data.
2024-12-19 11:56:00,683 - rasa.nlu.selectors.response_selector - DEBUG - Adding following selector key to message property: default
2024-12-19 11:56:00,683 - rasa.engine.graph - DEBUG - Node 'domain_provider' running 'DomainProvider.provide_inference'.
2024-12-19 11:56:00,683 - rasa.engine.graph - DEBUG - Node 'run_RegexMessageHandler' running 'RegexMessageHandler.process'.
2024-12-19 11:56:00,683 - rasa.core.processor - DEBUG - [[32m[1mdebug    [0m] [1mprocessor.message.parse       [0m [36mparse_data_entities[0m=[35m[][0m [36mparse_data_intent[0m=[35m{'name': 'ask_architecture', 'confidence': 0.3560548722743988}[0m [36mparse_data_text[0m=[35mМикросервисная архитектура[0m
2024-12-19 11:56:00,683 - rasa.core.processor - DEBUG - Logged UserUtterance - tracker now has 10 events.
2024-12-19 11:56:00,683 - rasa.core.actions.action - DEBUG - Validating extracted slots: topic
2024-12-19 11:56:00,683 - rasa.core.processor - DEBUG - [[32m[1mdebug    [0m] [1mprocessor.extract.slots       [0m [36maction_extract_slot[0m=[35maction_extract_slots[0m [36mlen_extraction_events[0m=[35m1[0m [36mrasa_events[0m=[35m[SlotSet(key: topic, value: Микросервисная архитектура)][0m
2024-12-19 11:56:00,683 - rasa.engine.runner.dask - DEBUG - Running graph with inputs: {'__tracker__': <rasa.shared.core.trackers.DialogueStateTracker object at 0x3712141f0>}, targets: ['select_prediction'] and ExecutionContext(model_id='fb06010ced544108b7c5861ad9375b0e', should_add_diagnostic_data=False, is_finetuning=False, node_name=None).
2024-12-19 11:56:00,683 - rasa.engine.graph - DEBUG - Node 'rule_only_data_provider' running 'RuleOnlyDataProvider.provide'.
2024-12-19 11:56:00,683 - rasa.engine.graph - DEBUG - Node 'domain_provider' running 'DomainProvider.provide_inference'.
2024-12-19 11:56:00,683 - rasa.engine.graph - DEBUG - Node 'run_MemoizationPolicy0' running 'MemoizationPolicy.predict_action_probabilities'.
2024-12-19 11:56:00,684 - rasa.core.policies.memoization - DEBUG - [[32m[1mdebug    [0m] [1mmemoization.predict.actions   [0m [36mtracker_states[0m=[35m[{'user': {'intent': 'ask_architecture'}, 'prev_action': {'action_name': 'utter_architecture_response'}}, {'user': {'intent': 'ask_architecture'}, 'prev_action': {'action_name': 'action_listen'}}][0m
2024-12-19 11:56:00,684 - rasa.core.policies.memoization - DEBUG - There is no memorised next action
2024-12-19 11:56:00,684 - rasa.engine.graph - DEBUG - Node 'run_RulePolicy1' running 'RulePolicy.predict_action_probabilities'.
2024-12-19 11:56:00,684 - rasa.core.policies.rule_policy - DEBUG - [[32m[1mdebug    [0m] [1mrule_policy.actions.find      [0m [36mcurrent_states[0m=[35m
[state 1] user intent: ask_architecture | previous action name: action_listen
[state 2] user intent: ask_architecture | previous action name: utter_architecture_response
[state 3] user text: Микросервисная архитектура | previous action name: action_listen[0m
2024-12-19 11:56:00,684 - rasa.core.policies.rule_policy - DEBUG - There is no applicable rule.
2024-12-19 11:56:00,684 - rasa.core.policies.rule_policy - DEBUG - [[32m[1mdebug    [0m] [1mrule_policy.actions.find      [0m [36mcurrent_states[0m=[35m
[state 1] user intent: ask_architecture | previous action name: action_listen
[state 2] user intent: ask_architecture | previous action name: utter_architecture_response
[state 3] user intent: ask_architecture | previous action name: action_listen[0m
2024-12-19 11:56:00,684 - rasa.core.policies.rule_policy - DEBUG - There is a rule for the next action 'utter_architecture_response'.
2024-12-19 11:56:00,684 - rasa.engine.graph - DEBUG - Node 'run_TEDPolicy2' running 'TEDPolicy.predict_action_probabilities'.
2024-12-19 11:56:00,686 - rasa.core.policies.ted_policy - DEBUG - TED predicted 'action_listen' based on user intent.
2024-12-19 11:56:00,686 - rasa.engine.graph - DEBUG - Node 'select_prediction' running 'DefaultPolicyPredictionEnsemble.combine_predictions_from_kwargs'.
2024-12-19 11:56:00,686 - rasa.core.policies.ensemble - DEBUG - Made prediction using user intent.
2024-12-19 11:56:00,686 - rasa.core.policies.ensemble - DEBUG - Added `DefinePrevUserUtteredFeaturization(False)` event.
2024-12-19 11:56:00,686 - rasa.core.policies.ensemble - DEBUG - Predicted next action using RulePolicy.
2024-12-19 11:56:00,686 - rasa.core.processor - DEBUG - Predicted next action 'utter_architecture_response' with confidence 1.00.
2024-12-19 11:56:00,686 - rasa.core.processor - DEBUG - [[32m[1mdebug    [0m] [1mprocessor.actions.policy_prediction[0m [36mprediction_events[0m=[35m[<rasa.shared.core.events.DefinePrevUserUtteredFeaturization object at 0x36f5c7430>][0m
2024-12-19 11:56:00,686 - rasa.core.processor - DEBUG - [[32m[1mdebug    [0m] [1mprocessor.actions.log         [0m [36maction_name[0m=[35mutter_architecture_response[0m [36mrasa_events[0m=[35m[BotUttered('Архитектура ПО включает выбор структур, которые обеспечивают масштабируемость, гибкость и поддерживаемость приложения. Задайте конкретный вопрос по этой теме, и я помогу вам с информацией.', {"elements": null, "quick_replies": null, "buttons": null, "attachment": null, "image": null, "custom": null}, {"utter_action": "utter_architecture_response"}, 1734598560.686837)][0m
2024-12-19 11:56:00,687 - rasa.engine.runner.dask - DEBUG - Running graph with inputs: {'__tracker__': <rasa.shared.core.trackers.DialogueStateTracker object at 0x3712141f0>}, targets: ['select_prediction'] and ExecutionContext(model_id='fb06010ced544108b7c5861ad9375b0e', should_add_diagnostic_data=False, is_finetuning=False, node_name=None).
2024-12-19 11:56:00,687 - rasa.engine.graph - DEBUG - Node 'rule_only_data_provider' running 'RuleOnlyDataProvider.provide'.
2024-12-19 11:56:00,687 - rasa.engine.graph - DEBUG - Node 'domain_provider' running 'DomainProvider.provide_inference'.
2024-12-19 11:56:00,687 - rasa.engine.graph - DEBUG - Node 'run_MemoizationPolicy0' running 'MemoizationPolicy.predict_action_probabilities'.
2024-12-19 11:56:00,687 - rasa.core.policies.memoization - DEBUG - [[32m[1mdebug    [0m] [1mmemoization.predict.actions   [0m [36mtracker_states[0m=[35m[{'user': {'intent': 'ask_architecture'}, 'prev_action': {'action_name': 'action_listen'}}, {'user': {'intent': 'ask_architecture'}, 'prev_action': {'action_name': 'utter_architecture_response'}}][0m
2024-12-19 11:56:00,687 - rasa.core.policies.memoization - DEBUG - There is a memorised next action 'action_listen'
2024-12-19 11:56:00,687 - rasa.engine.graph - DEBUG - Node 'run_RulePolicy1' running 'RulePolicy.predict_action_probabilities'.
2024-12-19 11:56:00,687 - rasa.core.policies.rule_policy - DEBUG - [[32m[1mdebug    [0m] [1mrule_policy.actions.find      [0m [36mcurrent_states[0m=[35m
[state 1] user intent: ask_architecture | previous action name: action_listen
[state 2] user intent: ask_architecture | previous action name: utter_architecture_response
[state 3] user intent: ask_architecture | previous action name: action_listen
[state 4] user intent: ask_architecture | previous action name: utter_architecture_response[0m
2024-12-19 11:56:00,687 - rasa.core.policies.rule_policy - DEBUG - There is a rule for the next action 'action_listen'.
2024-12-19 11:56:00,687 - rasa.engine.graph - DEBUG - Node 'run_TEDPolicy2' running 'TEDPolicy.predict_action_probabilities'.
2024-12-19 11:56:00,689 - rasa.core.policies.ted_policy - DEBUG - TED predicted 'action_default_fallback' based on user intent.
2024-12-19 11:56:00,689 - rasa.engine.graph - DEBUG - Node 'select_prediction' running 'DefaultPolicyPredictionEnsemble.combine_predictions_from_kwargs'.
2024-12-19 11:56:00,689 - rasa.core.policies.ensemble - DEBUG - Predicted next action using RulePolicy.
2024-12-19 11:56:00,689 - rasa.core.processor - DEBUG - Predicted next action 'action_listen' with confidence 1.00.
2024-12-19 11:56:00,689 - rasa.core.processor - DEBUG - [[32m[1mdebug    [0m] [1mprocessor.actions.policy_prediction[0m [36mprediction_events[0m=[35m[][0m
2024-12-19 11:56:00,689 - rasa.core.processor - DEBUG - [[32m[1mdebug    [0m] [1mprocessor.actions.log         [0m [36maction_name[0m=[35maction_listen[0m [36mrasa_events[0m=[35m[][0m
2024-12-19 11:56:00,689 - rasa.core.tracker_store - DEBUG - No event broker configured. Skipping streaming events.
2024-12-19 11:56:00,689 - rasa.core.lock_store - DEBUG - Deleted lock for conversation 'PractikumStudent'.
2024-12-19 11:56:16,882 - rasa.core.lock_store - DEBUG - Issuing ticket for conversation 'PractikumStudent'.
2024-12-19 11:56:16,882 - rasa.core.lock_store - DEBUG - Acquiring lock for conversation 'PractikumStudent'.
2024-12-19 11:56:16,882 - rasa.core.lock_store - DEBUG - Acquired lock for conversation 'PractikumStudent'.
2024-12-19 11:56:16,882 - rasa.core.tracker_store - DEBUG - Recreating tracker for id 'PractikumStudent'
2024-12-19 11:56:16,885 - rasa.engine.runner.dask - DEBUG - Running graph with inputs: {'__message__': [<rasa.core.channels.channel.UserMessage object at 0x3712144f0>], '__tracker__': <rasa.shared.core.trackers.DialogueStateTracker object at 0x3712141f0>}, targets: ['run_RegexMessageHandler'] and ExecutionContext(model_id='fb06010ced544108b7c5861ad9375b0e', should_add_diagnostic_data=False, is_finetuning=False, node_name=None).
2024-12-19 11:56:16,885 - rasa.engine.graph - DEBUG - Node 'nlu_message_converter' running 'NLUMessageConverter.convert_user_message'.
2024-12-19 11:56:16,886 - rasa.engine.graph - DEBUG - Node 'run_WhitespaceTokenizer0' running 'WhitespaceTokenizer.process'.
2024-12-19 11:56:16,886 - rasa.engine.graph - DEBUG - Node 'run_RegexFeaturizer1' running 'RegexFeaturizer.process'.
2024-12-19 11:56:16,886 - rasa.engine.graph - DEBUG - Node 'run_LexicalSyntacticFeaturizer2' running 'LexicalSyntacticFeaturizer.process'.
2024-12-19 11:56:16,886 - rasa.engine.graph - DEBUG - Node 'run_CountVectorsFeaturizer3' running 'CountVectorsFeaturizer.process'.
2024-12-19 11:56:16,886 - rasa.engine.graph - DEBUG - Node 'run_LanguageModelFeaturizer4' running 'LanguageModelFeaturizer.process'.
2024-12-19 11:56:16,970 - rasa.engine.graph - DEBUG - Node 'run_DIETClassifier5' running 'DIETClassifier.process'.
2024-12-19 11:56:16,971 - rasa.engine.graph - DEBUG - Node 'run_EntitySynonymMapper6' running 'EntitySynonymMapper.process'.
2024-12-19 11:56:16,971 - rasa.engine.graph - DEBUG - Node 'run_ResponseSelector7' running 'ResponseSelector.process'.
2024-12-19 11:56:16,971 - rasa.nlu.classifiers.diet_classifier - DEBUG - There is no trained model for 'ResponseSelector': The component is either not trained or didn't receive enough training data.
2024-12-19 11:56:16,971 - rasa.nlu.selectors.response_selector - DEBUG - Adding following selector key to message property: default
2024-12-19 11:56:16,971 - rasa.engine.graph - DEBUG - Node 'domain_provider' running 'DomainProvider.provide_inference'.
2024-12-19 11:56:16,972 - rasa.engine.graph - DEBUG - Node 'run_RegexMessageHandler' running 'RegexMessageHandler.process'.
2024-12-19 11:56:16,972 - rasa.core.processor - DEBUG - [[32m[1mdebug    [0m] [1mprocessor.message.parse       [0m [36mparse_data_entities[0m=[35m[][0m [36mparse_data_intent[0m=[35m{'name': 'ask_architecture', 'confidence': 0.3750573694705963}[0m [36mparse_data_text[0m=[35mмикросервисы[0m
2024-12-19 11:56:16,972 - rasa.core.processor - DEBUG - Logged UserUtterance - tracker now has 16 events.
2024-12-19 11:56:16,972 - rasa.core.actions.action - DEBUG - Validating extracted slots: topic
2024-12-19 11:56:16,972 - rasa.core.processor - DEBUG - [[32m[1mdebug    [0m] [1mprocessor.extract.slots       [0m [36maction_extract_slot[0m=[35maction_extract_slots[0m [36mlen_extraction_events[0m=[35m1[0m [36mrasa_events[0m=[35m[SlotSet(key: topic, value: микросервисы)][0m
2024-12-19 11:56:16,972 - rasa.engine.runner.dask - DEBUG - Running graph with inputs: {'__tracker__': <rasa.shared.core.trackers.DialogueStateTracker object at 0x3712141f0>}, targets: ['select_prediction'] and ExecutionContext(model_id='fb06010ced544108b7c5861ad9375b0e', should_add_diagnostic_data=False, is_finetuning=False, node_name=None).
2024-12-19 11:56:16,972 - rasa.engine.graph - DEBUG - Node 'rule_only_data_provider' running 'RuleOnlyDataProvider.provide'.
2024-12-19 11:56:16,972 - rasa.engine.graph - DEBUG - Node 'domain_provider' running 'DomainProvider.provide_inference'.
2024-12-19 11:56:16,972 - rasa.engine.graph - DEBUG - Node 'run_MemoizationPolicy0' running 'MemoizationPolicy.predict_action_probabilities'.
2024-12-19 11:56:16,972 - rasa.core.policies.memoization - DEBUG - [[32m[1mdebug    [0m] [1mmemoization.predict.actions   [0m [36mtracker_states[0m=[35m[{'user': {'intent': 'ask_architecture'}, 'prev_action': {'action_name': 'utter_architecture_response'}}, {'user': {'intent': 'ask_architecture'}, 'prev_action': {'action_name': 'action_listen'}}][0m
2024-12-19 11:56:16,972 - rasa.core.policies.memoization - DEBUG - There is no memorised next action
2024-12-19 11:56:16,973 - rasa.engine.graph - DEBUG - Node 'run_RulePolicy1' running 'RulePolicy.predict_action_probabilities'.
2024-12-19 11:56:16,973 - rasa.core.policies.rule_policy - DEBUG - [[32m[1mdebug    [0m] [1mrule_policy.actions.find      [0m [36mcurrent_states[0m=[35m
[state 1] user intent: ask_architecture | previous action name: action_listen
[state 2] user intent: ask_architecture | previous action name: utter_architecture_response
[state 3] user intent: ask_architecture | previous action name: action_listen
[state 4] user intent: ask_architecture | previous action name: utter_architecture_response
[state 5] user text: микросервисы | previous action name: action_listen[0m
2024-12-19 11:56:16,973 - rasa.core.policies.rule_policy - DEBUG - There is no applicable rule.
2024-12-19 11:56:16,973 - rasa.core.policies.rule_policy - DEBUG - [[32m[1mdebug    [0m] [1mrule_policy.actions.find      [0m [36mcurrent_states[0m=[35m
[state 1] user intent: ask_architecture | previous action name: action_listen
[state 2] user intent: ask_architecture | previous action name: utter_architecture_response
[state 3] user intent: ask_architecture | previous action name: action_listen
[state 4] user intent: ask_architecture | previous action name: utter_architecture_response
[state 5] user intent: ask_architecture | previous action name: action_listen[0m
2024-12-19 11:56:16,973 - rasa.core.policies.rule_policy - DEBUG - There is a rule for the next action 'utter_architecture_response'.
2024-12-19 11:56:16,973 - rasa.engine.graph - DEBUG - Node 'run_TEDPolicy2' running 'TEDPolicy.predict_action_probabilities'.
2024-12-19 11:56:16,975 - rasa.core.policies.ted_policy - DEBUG - TED predicted 'action_listen' based on user intent.
2024-12-19 11:56:16,975 - rasa.engine.graph - DEBUG - Node 'select_prediction' running 'DefaultPolicyPredictionEnsemble.combine_predictions_from_kwargs'.
2024-12-19 11:56:16,975 - rasa.core.policies.ensemble - DEBUG - Made prediction using user intent.
2024-12-19 11:56:16,975 - rasa.core.policies.ensemble - DEBUG - Added `DefinePrevUserUtteredFeaturization(False)` event.
2024-12-19 11:56:16,975 - rasa.core.policies.ensemble - DEBUG - Predicted next action using RulePolicy.
2024-12-19 11:56:16,975 - rasa.core.processor - DEBUG - Predicted next action 'utter_architecture_response' with confidence 1.00.
2024-12-19 11:56:16,975 - rasa.core.processor - DEBUG - [[32m[1mdebug    [0m] [1mprocessor.actions.policy_prediction[0m [36mprediction_events[0m=[35m[<rasa.shared.core.events.DefinePrevUserUtteredFeaturization object at 0x3701b82b0>][0m
2024-12-19 11:56:16,975 - rasa.core.processor - DEBUG - [[32m[1mdebug    [0m] [1mprocessor.actions.log         [0m [36maction_name[0m=[35mutter_architecture_response[0m [36mrasa_events[0m=[35m[BotUttered('Архитектура ПО включает выбор структур, которые обеспечивают масштабируемость, гибкость и поддерживаемость приложения. Задайте конкретный вопрос по этой теме, и я помогу вам с информацией.', {"elements": null, "quick_replies": null, "buttons": null, "attachment": null, "image": null, "custom": null}, {"utter_action": "utter_architecture_response"}, 1734598576.975776)][0m
2024-12-19 11:56:16,976 - rasa.engine.runner.dask - DEBUG - Running graph with inputs: {'__tracker__': <rasa.shared.core.trackers.DialogueStateTracker object at 0x3712141f0>}, targets: ['select_prediction'] and ExecutionContext(model_id='fb06010ced544108b7c5861ad9375b0e', should_add_diagnostic_data=False, is_finetuning=False, node_name=None).
2024-12-19 11:56:16,976 - rasa.engine.graph - DEBUG - Node 'rule_only_data_provider' running 'RuleOnlyDataProvider.provide'.
2024-12-19 11:56:16,976 - rasa.engine.graph - DEBUG - Node 'domain_provider' running 'DomainProvider.provide_inference'.
2024-12-19 11:56:16,976 - rasa.engine.graph - DEBUG - Node 'run_MemoizationPolicy0' running 'MemoizationPolicy.predict_action_probabilities'.
2024-12-19 11:56:16,976 - rasa.core.policies.memoization - DEBUG - [[32m[1mdebug    [0m] [1mmemoization.predict.actions   [0m [36mtracker_states[0m=[35m[{'user': {'intent': 'ask_architecture'}, 'prev_action': {'action_name': 'action_listen'}}, {'user': {'intent': 'ask_architecture'}, 'prev_action': {'action_name': 'utter_architecture_response'}}][0m
2024-12-19 11:56:16,976 - rasa.core.policies.memoization - DEBUG - There is a memorised next action 'action_listen'
2024-12-19 11:56:16,976 - rasa.engine.graph - DEBUG - Node 'run_RulePolicy1' running 'RulePolicy.predict_action_probabilities'.
2024-12-19 11:56:16,976 - rasa.core.policies.rule_policy - DEBUG - [[32m[1mdebug    [0m] [1mrule_policy.actions.find      [0m [36mcurrent_states[0m=[35m
[state 1] user intent: ask_architecture | previous action name: action_listen
[state 2] user intent: ask_architecture | previous action name: utter_architecture_response
[state 3] user intent: ask_architecture | previous action name: action_listen
[state 4] user intent: ask_architecture | previous action name: utter_architecture_response
[state 5] user intent: ask_architecture | previous action name: action_listen
[state 6] user intent: ask_architecture | previous action name: utter_architecture_response[0m
2024-12-19 11:56:16,976 - rasa.core.policies.rule_policy - DEBUG - There is a rule for the next action 'action_listen'.
2024-12-19 11:56:16,976 - rasa.engine.graph - DEBUG - Node 'run_TEDPolicy2' running 'TEDPolicy.predict_action_probabilities'.
2024-12-19 11:56:16,978 - rasa.core.policies.ted_policy - DEBUG - TED predicted 'action_default_fallback' based on user intent.
2024-12-19 11:56:16,978 - rasa.engine.graph - DEBUG - Node 'select_prediction' running 'DefaultPolicyPredictionEnsemble.combine_predictions_from_kwargs'.
2024-12-19 11:56:16,978 - rasa.core.policies.ensemble - DEBUG - Predicted next action using RulePolicy.
2024-12-19 11:56:16,978 - rasa.core.processor - DEBUG - Predicted next action 'action_listen' with confidence 1.00.
2024-12-19 11:56:16,979 - rasa.core.processor - DEBUG - [[32m[1mdebug    [0m] [1mprocessor.actions.policy_prediction[0m [36mprediction_events[0m=[35m[][0m
2024-12-19 11:56:16,979 - rasa.core.processor - DEBUG - [[32m[1mdebug    [0m] [1mprocessor.actions.log         [0m [36maction_name[0m=[35maction_listen[0m [36mrasa_events[0m=[35m[][0m
2024-12-19 11:56:16,979 - rasa.core.tracker_store - DEBUG - No event broker configured. Skipping streaming events.
2024-12-19 11:56:16,979 - rasa.core.lock_store - DEBUG - Deleted lock for conversation 'PractikumStudent'.
